f:\iamtheopengl\therealopengl\therealopengl\x64\release\vc142.pdb
f:\iamtheopengl\therealopengl\therealopengl\x64\release\main.obj
f:\iamtheopengl\therealopengl\therealopengl\x64\release\mesh.obj
f:\iamtheopengl\therealopengl\therealopengl\x64\release\window.obj
f:\iamtheopengl\therealopengl\therealopengl\x64\release\textureclass.obj
f:\iamtheopengl\therealopengl\therealopengl\x64\release\spotlight.obj
f:\iamtheopengl\therealopengl\therealopengl\x64\release\shader.obj
f:\iamtheopengl\therealopengl\therealopengl\x64\release\pointlighting.obj
f:\iamtheopengl\therealopengl\therealopengl\x64\release\materialclass.obj
f:\iamtheopengl\therealopengl\therealopengl\x64\release\lighting.obj
f:\iamtheopengl\therealopengl\therealopengl\x64\release\directionallight.obj
f:\iamtheopengl\therealopengl\therealopengl\x64\release\camera.obj
f:\iamtheopengl\therealopengl\therealopengl\x64\release\model.obj
f:\iamtheopengl\therealopengl\x64\release\therealopengl.exe
f:\iamtheopengl\therealopengl\x64\release\therealopengl.pdb
f:\iamtheopengl\therealopengl\x64\release\therealopengl.ipdb
f:\iamtheopengl\therealopengl\x64\release\therealopengl.iobj
f:\iamtheopengl\therealopengl\therealopengl\x64\release\therealopengl.tlog\cl.command.1.tlog
f:\iamtheopengl\therealopengl\therealopengl\x64\release\therealopengl.tlog\cl.read.1.tlog
f:\iamtheopengl\therealopengl\therealopengl\x64\release\therealopengl.tlog\cl.write.1.tlog
f:\iamtheopengl\therealopengl\therealopengl\x64\release\therealopengl.tlog\link.command.1.tlog
f:\iamtheopengl\therealopengl\therealopengl\x64\release\therealopengl.tlog\link.delete.1.tlog
f:\iamtheopengl\therealopengl\therealopengl\x64\release\therealopengl.tlog\link.read.1.tlog
f:\iamtheopengl\therealopengl\therealopengl\x64\release\therealopengl.tlog\link.write.1.tlog
f:\iamtheopengl\therealopengl\therealopengl\x64\release\therealopengl.tlog\therealopengl.write.1u.tlog
